<?xml version="1.0" encoding="UTF-8"?>
<!-- Generated by org.testng.reporters.JUnitXMLReporter -->
<testsuite hostname="SDYRNDMFARRELL" ignored="0" name="Default test" tests="2" failures="0" timestamp="28 Jan 2019 04:55:46 GMT" time="5.428" errors="0">
  <testcase name="ValidateDataModelCorrectAfterChangingDataModelValues" time="0.044" classname="base.po.ProjectDashBoard_PO_Test"/>
  <testcase name="ValidateProjectDashBoardsName" time="0.07" classname="base.po.ProjectDashBoard_PO_Test"/>
</testsuite> <!-- Default test -->
